build/app/intermediates/manifest_merge_blame_file/debug/manifest-merger-blame-debug-report.txt
1<?xml version="1.0" encoding="utf-8"?>
2<manifest xmlns:android="http://schemas.android.com/apk/res/android"
3    package="com.example.plant_app"
4    android:versionCode="1"
5    android:versionName="1.0.0" >
6
7    <uses-sdk
8        android:minSdkVersion="23"
9        android:targetSdkVersion="30" />
10    <!--
11         The INTERNET permission is required for development. Specifically,
12         the Flutter tool needs it to communicate with the running application
13         to allow setting breakpoints, to provide hot reload, etc.
14    -->
15    <uses-permission android:name="android.permission.INTERNET" />
15-->src\main\AndroidManifest.xml:2:1-62
15-->src\main\AndroidManifest.xml:2:18-60
16    <!--
17     Required to query activities that can process text, see:
18         https://developer.android.com/training/package-visibility and
19         https://developer.android.com/reference/android/content/Intent#ACTION_PROCESS_TEXT.
20
21         In particular, this is used by the Flutter engine in io.flutter.plugin.text.ProcessTextPlugin.
22    -->
23    <queries>
23-->src\main\AndroidManifest.xml:41:5-46:15
24        <intent>
24-->src\main\AndroidManifest.xml:42:9-45:18
25            <action android:name="android.intent.action.PROCESS_TEXT" />
25-->src\main\AndroidManifest.xml:43:13-72
25-->src\main\AndroidManifest.xml:43:21-70
26
27            <data android:mimeType="text/plain" />
27-->src\main\AndroidManifest.xml:44:13-50
27-->src\main\AndroidManifest.xml:44:19-48
28        </intent>
29    </queries>
30
31    <uses-permission android:name="android.permission.WAKE_LOCK" />
31-->[:firebase_messaging] AndroidManifest.xml:8:5-68
31-->[:firebase_messaging] AndroidManifest.xml:8:22-65
32    <uses-permission android:name="android.permission.ACCESS_NETWORK_STATE" /> <!-- Permissions options for the `notification` group -->
32-->[:firebase_messaging] AndroidManifest.xml:9:5-79
32-->[:firebase_messaging] AndroidManifest.xml:9:22-76
33    <uses-permission android:name="android.permission.POST_NOTIFICATIONS" /> <!-- Required by older versions of Google Play services to create IID tokens -->
33-->[:firebase_messaging] AndroidManifest.xml:11:5-77
33-->[:firebase_messaging] AndroidManifest.xml:11:22-74
34    <uses-permission android:name="com.google.android.c2dm.permission.RECEIVE" />
34-->[com.google.firebase:firebase-messaging:24.0.3] AndroidManifest.xml:26:5-82
34-->[com.google.firebase:firebase-messaging:24.0.3] AndroidManifest.xml:26:22-79
35    <uses-permission android:name="com.google.android.providers.gsf.permission.READ_GSERVICES" />
35-->[com.google.android.recaptcha:recaptcha:18.5.1] AndroidManifest.xml:9:5-98
35-->[com.google.android.recaptcha:recaptcha:18.5.1] AndroidManifest.xml:9:22-95
36
37    <permission
37-->[androidx.core:core:1.13.1] AndroidManifest.xml:22:5-24:47
38        android:name="com.example.plant_app.DYNAMIC_RECEIVER_NOT_EXPORTED_PERMISSION"
38-->[androidx.core:core:1.13.1] AndroidManifest.xml:23:9-81
39        android:protectionLevel="signature" />
39-->[androidx.core:core:1.13.1] AndroidManifest.xml:24:9-44
40
41    <uses-permission android:name="com.example.plant_app.DYNAMIC_RECEIVER_NOT_EXPORTED_PERMISSION" />
41-->[androidx.core:core:1.13.1] AndroidManifest.xml:26:5-97
41-->[androidx.core:core:1.13.1] AndroidManifest.xml:26:22-94
42
43    <application
44        android:name="android.app.Application"
45        android:appComponentFactory="androidx.core.app.CoreComponentFactory"
45-->[androidx.core:core:1.13.1] AndroidManifest.xml:28:18-86
46        android:debuggable="true"
47        android:extractNativeLibs="false"
48        android:icon="@mipmap/ic_launcher"
49        android:label="plant_app" >
50        <activity
51            android:name="com.example.plant_app.MainActivity"
52            android:configChanges="orientation|keyboardHidden|keyboard|screenSize|smallestScreenSize|locale|layoutDirection|fontScale|screenLayout|density|uiMode"
53            android:exported="true"
54            android:hardwareAccelerated="true"
55            android:launchMode="singleTop"
56            android:taskAffinity=""
57            android:theme="@style/LaunchTheme"
58            android:windowSoftInputMode="adjustResize" >
59
60            <!--
61                 Specifies an Android theme to apply to this Activity as soon as
62                 the Android process has started. This theme is visible to the user
63                 while the Flutter UI initializes. After that, this theme continues
64                 to determine the Window background behind the Flutter UI.
65            -->
66            <meta-data
67                android:name="io.flutter.embedding.android.NormalTheme"
68                android:resource="@style/NormalTheme" />
69
70            <intent-filter>
71                <action android:name="android.intent.action.MAIN" />
72
73                <category android:name="android.intent.category.LAUNCHER" />
74            </intent-filter>
75        </activity>
76        <!--
77             Don't delete the meta-data below.
78             This is used by the Flutter tool to generate GeneratedPluginRegistrant.java
79        -->
80        <meta-data
81            android:name="flutterEmbedding"
82            android:value="2" />
83
84        <service
84-->[:cloud_firestore] AndroidManifest.xml:8:9-12:19
85            android:name="com.google.firebase.components.ComponentDiscoveryService"
85-->[:cloud_firestore] AndroidManifest.xml:8:18-89
86            android:directBootAware="true"
86-->[com.google.firebase:firebase-common:21.0.0] AndroidManifest.xml:32:13-43
87            android:exported="false" >
87-->[com.google.firebase:firebase-auth:23.1.0] AndroidManifest.xml:68:13-37
88            <meta-data
88-->[:cloud_firestore] AndroidManifest.xml:9:13-11:85
89                android:name="com.google.firebase.components:io.flutter.plugins.firebase.firestore.FlutterFirebaseFirestoreRegistrar"
89-->[:cloud_firestore] AndroidManifest.xml:10:17-134
90                android:value="com.google.firebase.components.ComponentRegistrar" />
90-->[:cloud_firestore] AndroidManifest.xml:11:17-82
91            <meta-data
91-->[:firebase_auth] AndroidManifest.xml:9:13-11:85
92                android:name="com.google.firebase.components:io.flutter.plugins.firebase.auth.FlutterFirebaseAuthRegistrar"
92-->[:firebase_auth] AndroidManifest.xml:10:17-124
93                android:value="com.google.firebase.components.ComponentRegistrar" />
93-->[:firebase_auth] AndroidManifest.xml:11:17-82
94            <meta-data
94-->[:firebase_messaging] AndroidManifest.xml:36:13-38:85
95                android:name="com.google.firebase.components:io.flutter.plugins.firebase.messaging.FlutterFirebaseAppRegistrar"
95-->[:firebase_messaging] AndroidManifest.xml:37:17-128
96                android:value="com.google.firebase.components.ComponentRegistrar" />
96-->[:firebase_messaging] AndroidManifest.xml:38:17-82
97            <meta-data
97-->[:firebase_storage] AndroidManifest.xml:9:13-11:85
98                android:name="com.google.firebase.components:io.flutter.plugins.firebase.storage.FlutterFirebaseAppRegistrar"
98-->[:firebase_storage] AndroidManifest.xml:10:17-126
99                android:value="com.google.firebase.components.ComponentRegistrar" />
99-->[:firebase_storage] AndroidManifest.xml:11:17-82
100            <meta-data
100-->[:firebase_core] AndroidManifest.xml:9:13-11:85
101                android:name="com.google.firebase.components:io.flutter.plugins.firebase.core.FlutterFirebaseCoreRegistrar"
101-->[:firebase_core] AndroidManifest.xml:10:17-124
102                android:value="com.google.firebase.components.ComponentRegistrar" />
102-->[:firebase_core] AndroidManifest.xml:11:17-82
103            <meta-data
103-->[com.google.firebase:firebase-auth:23.1.0] AndroidManifest.xml:69:13-71:85
104                android:name="com.google.firebase.components:com.google.firebase.auth.FirebaseAuthRegistrar"
104-->[com.google.firebase:firebase-auth:23.1.0] AndroidManifest.xml:70:17-109
105                android:value="com.google.firebase.components.ComponentRegistrar" />
105-->[com.google.firebase:firebase-auth:23.1.0] AndroidManifest.xml:71:17-82
106            <meta-data
106-->[com.google.firebase:firebase-firestore:25.1.1] AndroidManifest.xml:17:13-19:85
107                android:name="com.google.firebase.components:com.google.firebase.firestore.FirebaseFirestoreKtxRegistrar"
107-->[com.google.firebase:firebase-firestore:25.1.1] AndroidManifest.xml:18:17-122
108                android:value="com.google.firebase.components.ComponentRegistrar" />
108-->[com.google.firebase:firebase-firestore:25.1.1] AndroidManifest.xml:19:17-82
109            <meta-data
109-->[com.google.firebase:firebase-firestore:25.1.1] AndroidManifest.xml:20:13-22:85
110                android:name="com.google.firebase.components:com.google.firebase.firestore.FirestoreRegistrar"
110-->[com.google.firebase:firebase-firestore:25.1.1] AndroidManifest.xml:21:17-111
111                android:value="com.google.firebase.components.ComponentRegistrar" />
111-->[com.google.firebase:firebase-firestore:25.1.1] AndroidManifest.xml:22:17-82
112            <meta-data
112-->[com.google.firebase:firebase-messaging:24.0.3] AndroidManifest.xml:57:13-59:85
113                android:name="com.google.firebase.components:com.google.firebase.messaging.FirebaseMessagingKtxRegistrar"
113-->[com.google.firebase:firebase-messaging:24.0.3] AndroidManifest.xml:58:17-122
114                android:value="com.google.firebase.components.ComponentRegistrar" />
114-->[com.google.firebase:firebase-messaging:24.0.3] AndroidManifest.xml:59:17-82
115            <meta-data
115-->[com.google.firebase:firebase-messaging:24.0.3] AndroidManifest.xml:60:13-62:85
116                android:name="com.google.firebase.components:com.google.firebase.messaging.FirebaseMessagingRegistrar"
116-->[com.google.firebase:firebase-messaging:24.0.3] AndroidManifest.xml:61:17-119
117                android:value="com.google.firebase.components.ComponentRegistrar" />
117-->[com.google.firebase:firebase-messaging:24.0.3] AndroidManifest.xml:62:17-82
118            <meta-data
118-->[com.google.firebase:firebase-storage:21.0.1] AndroidManifest.xml:30:13-32:85
119                android:name="com.google.firebase.components:com.google.firebase.storage.FirebaseStorageKtxRegistrar"
119-->[com.google.firebase:firebase-storage:21.0.1] AndroidManifest.xml:31:17-118
120                android:value="com.google.firebase.components.ComponentRegistrar" />
120-->[com.google.firebase:firebase-storage:21.0.1] AndroidManifest.xml:32:17-82
121            <meta-data
121-->[com.google.firebase:firebase-storage:21.0.1] AndroidManifest.xml:33:13-35:85
122                android:name="com.google.firebase.components:com.google.firebase.storage.StorageRegistrar"
122-->[com.google.firebase:firebase-storage:21.0.1] AndroidManifest.xml:34:17-107
123                android:value="com.google.firebase.components.ComponentRegistrar" />
123-->[com.google.firebase:firebase-storage:21.0.1] AndroidManifest.xml:35:17-82
124            <meta-data
124-->[com.google.firebase:firebase-installations:18.0.0] AndroidManifest.xml:15:13-17:85
125                android:name="com.google.firebase.components:com.google.firebase.installations.FirebaseInstallationsKtxRegistrar"
125-->[com.google.firebase:firebase-installations:18.0.0] AndroidManifest.xml:16:17-130
126                android:value="com.google.firebase.components.ComponentRegistrar" />
126-->[com.google.firebase:firebase-installations:18.0.0] AndroidManifest.xml:17:17-82
127            <meta-data
127-->[com.google.firebase:firebase-installations:18.0.0] AndroidManifest.xml:18:13-20:85
128                android:name="com.google.firebase.components:com.google.firebase.installations.FirebaseInstallationsRegistrar"
128-->[com.google.firebase:firebase-installations:18.0.0] AndroidManifest.xml:19:17-127
129                android:value="com.google.firebase.components.ComponentRegistrar" />
129-->[com.google.firebase:firebase-installations:18.0.0] AndroidManifest.xml:20:17-82
130            <meta-data
130-->[com.google.firebase:firebase-appcheck:18.0.0] AndroidManifest.xml:25:13-27:85
131                android:name="com.google.firebase.components:com.google.firebase.appcheck.FirebaseAppCheckKtxRegistrar"
131-->[com.google.firebase:firebase-appcheck:18.0.0] AndroidManifest.xml:26:17-120
132                android:value="com.google.firebase.components.ComponentRegistrar" />
132-->[com.google.firebase:firebase-appcheck:18.0.0] AndroidManifest.xml:27:17-82
133            <meta-data
133-->[com.google.firebase:firebase-appcheck:18.0.0] AndroidManifest.xml:28:13-30:85
134                android:name="com.google.firebase.components:com.google.firebase.appcheck.FirebaseAppCheckRegistrar"
134-->[com.google.firebase:firebase-appcheck:18.0.0] AndroidManifest.xml:29:17-117
135                android:value="com.google.firebase.components.ComponentRegistrar" />
135-->[com.google.firebase:firebase-appcheck:18.0.0] AndroidManifest.xml:30:17-82
136            <meta-data
136-->[com.google.firebase:firebase-common-ktx:21.0.0] AndroidManifest.xml:12:13-14:85
137                android:name="com.google.firebase.components:com.google.firebase.ktx.FirebaseCommonLegacyRegistrar"
137-->[com.google.firebase:firebase-common-ktx:21.0.0] AndroidManifest.xml:13:17-116
138                android:value="com.google.firebase.components.ComponentRegistrar" />
138-->[com.google.firebase:firebase-common-ktx:21.0.0] AndroidManifest.xml:14:17-82
139            <meta-data
139-->[com.google.firebase:firebase-common:21.0.0] AndroidManifest.xml:35:13-37:85
140                android:name="com.google.firebase.components:com.google.firebase.FirebaseCommonKtxRegistrar"
140-->[com.google.firebase:firebase-common:21.0.0] AndroidManifest.xml:36:17-109
141                android:value="com.google.firebase.components.ComponentRegistrar" />
141-->[com.google.firebase:firebase-common:21.0.0] AndroidManifest.xml:37:17-82
142            <meta-data
142-->[com.google.firebase:firebase-datatransport:18.2.0] AndroidManifest.xml:25:13-27:85
143                android:name="com.google.firebase.components:com.google.firebase.datatransport.TransportRegistrar"
143-->[com.google.firebase:firebase-datatransport:18.2.0] AndroidManifest.xml:26:17-115
144                android:value="com.google.firebase.components.ComponentRegistrar" />
144-->[com.google.firebase:firebase-datatransport:18.2.0] AndroidManifest.xml:27:17-82
145        </service>
146        <service
146-->[:firebase_messaging] AndroidManifest.xml:14:9-17:72
147            android:name="io.flutter.plugins.firebase.messaging.FlutterFirebaseMessagingBackgroundService"
147-->[:firebase_messaging] AndroidManifest.xml:15:13-107
148            android:exported="false"
148-->[:firebase_messaging] AndroidManifest.xml:16:13-37
149            android:permission="android.permission.BIND_JOB_SERVICE" />
149-->[:firebase_messaging] AndroidManifest.xml:17:13-69
150        <service
150-->[:firebase_messaging] AndroidManifest.xml:18:9-24:19
151            android:name="io.flutter.plugins.firebase.messaging.FlutterFirebaseMessagingService"
151-->[:firebase_messaging] AndroidManifest.xml:19:13-97
152            android:exported="false" >
152-->[:firebase_messaging] AndroidManifest.xml:20:13-37
153            <intent-filter>
153-->[:firebase_messaging] AndroidManifest.xml:21:13-23:29
154                <action android:name="com.google.firebase.MESSAGING_EVENT" />
154-->[:firebase_messaging] AndroidManifest.xml:22:17-78
154-->[:firebase_messaging] AndroidManifest.xml:22:25-75
155            </intent-filter>
156        </service>
157
158        <receiver
158-->[:firebase_messaging] AndroidManifest.xml:26:9-33:20
159            android:name="io.flutter.plugins.firebase.messaging.FlutterFirebaseMessagingReceiver"
159-->[:firebase_messaging] AndroidManifest.xml:27:13-98
160            android:exported="true"
160-->[:firebase_messaging] AndroidManifest.xml:28:13-36
161            android:permission="com.google.android.c2dm.permission.SEND" >
161-->[:firebase_messaging] AndroidManifest.xml:29:13-73
162            <intent-filter>
162-->[:firebase_messaging] AndroidManifest.xml:30:13-32:29
163                <action android:name="com.google.android.c2dm.intent.RECEIVE" />
163-->[:firebase_messaging] AndroidManifest.xml:31:17-81
163-->[:firebase_messaging] AndroidManifest.xml:31:25-78
164            </intent-filter>
165        </receiver>
166
167        <provider
167-->[:firebase_messaging] AndroidManifest.xml:41:9-45:38
168            android:name="io.flutter.plugins.firebase.messaging.FlutterFirebaseMessagingInitProvider"
168-->[:firebase_messaging] AndroidManifest.xml:42:13-102
169            android:authorities="com.example.plant_app.flutterfirebasemessaginginitprovider"
169-->[:firebase_messaging] AndroidManifest.xml:43:13-88
170            android:exported="false"
170-->[:firebase_messaging] AndroidManifest.xml:44:13-37
171            android:initOrder="99" />
171-->[:firebase_messaging] AndroidManifest.xml:45:13-35
172
173        <activity
173-->[com.google.firebase:firebase-auth:23.1.0] AndroidManifest.xml:29:9-46:20
174            android:name="com.google.firebase.auth.internal.GenericIdpActivity"
174-->[com.google.firebase:firebase-auth:23.1.0] AndroidManifest.xml:30:13-80
175            android:excludeFromRecents="true"
175-->[com.google.firebase:firebase-auth:23.1.0] AndroidManifest.xml:31:13-46
176            android:exported="true"
176-->[com.google.firebase:firebase-auth:23.1.0] AndroidManifest.xml:32:13-36
177            android:launchMode="singleTask"
177-->[com.google.firebase:firebase-auth:23.1.0] AndroidManifest.xml:33:13-44
178            android:theme="@android:style/Theme.Translucent.NoTitleBar" >
178-->[com.google.firebase:firebase-auth:23.1.0] AndroidManifest.xml:34:13-72
179            <intent-filter>
179-->[com.google.firebase:firebase-auth:23.1.0] AndroidManifest.xml:35:13-45:29
180                <action android:name="android.intent.action.VIEW" />
180-->[com.google.firebase:firebase-auth:23.1.0] AndroidManifest.xml:36:17-69
180-->[com.google.firebase:firebase-auth:23.1.0] AndroidManifest.xml:36:25-66
181
182                <category android:name="android.intent.category.DEFAULT" />
182-->[com.google.firebase:firebase-auth:23.1.0] AndroidManifest.xml:38:17-76
182-->[com.google.firebase:firebase-auth:23.1.0] AndroidManifest.xml:38:27-73
183                <category android:name="android.intent.category.BROWSABLE" />
183-->[com.google.firebase:firebase-auth:23.1.0] AndroidManifest.xml:39:17-78
183-->[com.google.firebase:firebase-auth:23.1.0] AndroidManifest.xml:39:27-75
184
185                <data
185-->src\main\AndroidManifest.xml:44:13-50
186                    android:host="firebase.auth"
187                    android:path="/"
188                    android:scheme="genericidp" />
189            </intent-filter>
190        </activity>
191        <activity
191-->[com.google.firebase:firebase-auth:23.1.0] AndroidManifest.xml:47:9-64:20
192            android:name="com.google.firebase.auth.internal.RecaptchaActivity"
192-->[com.google.firebase:firebase-auth:23.1.0] AndroidManifest.xml:48:13-79
193            android:excludeFromRecents="true"
193-->[com.google.firebase:firebase-auth:23.1.0] AndroidManifest.xml:49:13-46
194            android:exported="true"
194-->[com.google.firebase:firebase-auth:23.1.0] AndroidManifest.xml:50:13-36
195            android:launchMode="singleTask"
195-->[com.google.firebase:firebase-auth:23.1.0] AndroidManifest.xml:51:13-44
196            android:theme="@android:style/Theme.Translucent.NoTitleBar" >
196-->[com.google.firebase:firebase-auth:23.1.0] AndroidManifest.xml:52:13-72
197            <intent-filter>
197-->[com.google.firebase:firebase-auth:23.1.0] AndroidManifest.xml:53:13-63:29
198                <action android:name="android.intent.action.VIEW" />
198-->[com.google.firebase:firebase-auth:23.1.0] AndroidManifest.xml:36:17-69
198-->[com.google.firebase:firebase-auth:23.1.0] AndroidManifest.xml:36:25-66
199
200                <category android:name="android.intent.category.DEFAULT" />
200-->[com.google.firebase:firebase-auth:23.1.0] AndroidManifest.xml:38:17-76
200-->[com.google.firebase:firebase-auth:23.1.0] AndroidManifest.xml:38:27-73
201                <category android:name="android.intent.category.BROWSABLE" />
201-->[com.google.firebase:firebase-auth:23.1.0] AndroidManifest.xml:39:17-78
201-->[com.google.firebase:firebase-auth:23.1.0] AndroidManifest.xml:39:27-75
202
203                <data
203-->src\main\AndroidManifest.xml:44:13-50
204                    android:host="firebase.auth"
205                    android:path="/"
206                    android:scheme="recaptcha" />
207            </intent-filter>
208        </activity>
209
210        <receiver
210-->[com.google.firebase:firebase-messaging:24.0.3] AndroidManifest.xml:29:9-40:20
211            android:name="com.google.firebase.iid.FirebaseInstanceIdReceiver"
211-->[com.google.firebase:firebase-messaging:24.0.3] AndroidManifest.xml:30:13-78
212            android:exported="true"
212-->[com.google.firebase:firebase-messaging:24.0.3] AndroidManifest.xml:31:13-36
213            android:permission="com.google.android.c2dm.permission.SEND" >
213-->[com.google.firebase:firebase-messaging:24.0.3] AndroidManifest.xml:32:13-73
214            <intent-filter>
214-->[:firebase_messaging] AndroidManifest.xml:30:13-32:29
215                <action android:name="com.google.android.c2dm.intent.RECEIVE" />
215-->[:firebase_messaging] AndroidManifest.xml:31:17-81
215-->[:firebase_messaging] AndroidManifest.xml:31:25-78
216            </intent-filter>
217
218            <meta-data
218-->[com.google.firebase:firebase-messaging:24.0.3] AndroidManifest.xml:37:13-39:40
219                android:name="com.google.android.gms.cloudmessaging.FINISHED_AFTER_HANDLED"
219-->[com.google.firebase:firebase-messaging:24.0.3] AndroidManifest.xml:38:17-92
220                android:value="true" />
220-->[com.google.firebase:firebase-messaging:24.0.3] AndroidManifest.xml:39:17-37
221        </receiver>
222        <!--
223             FirebaseMessagingService performs security checks at runtime,
224             but set to not exported to explicitly avoid allowing another app to call it.
225        -->
226        <service
226-->[com.google.firebase:firebase-messaging:24.0.3] AndroidManifest.xml:46:9-53:19
227            android:name="com.google.firebase.messaging.FirebaseMessagingService"
227-->[com.google.firebase:firebase-messaging:24.0.3] AndroidManifest.xml:47:13-82
228            android:directBootAware="true"
228-->[com.google.firebase:firebase-messaging:24.0.3] AndroidManifest.xml:48:13-43
229            android:exported="false" >
229-->[com.google.firebase:firebase-messaging:24.0.3] AndroidManifest.xml:49:13-37
230            <intent-filter android:priority="-500" >
230-->[:firebase_messaging] AndroidManifest.xml:21:13-23:29
231                <action android:name="com.google.firebase.MESSAGING_EVENT" />
231-->[:firebase_messaging] AndroidManifest.xml:22:17-78
231-->[:firebase_messaging] AndroidManifest.xml:22:25-75
232            </intent-filter>
233        </service>
234        <service
234-->[androidx.credentials:credentials-play-services-auth:1.2.0-rc01] AndroidManifest.xml:24:9-32:19
235            android:name="androidx.credentials.playservices.CredentialProviderMetadataHolder"
235-->[androidx.credentials:credentials-play-services-auth:1.2.0-rc01] AndroidManifest.xml:25:13-94
236            android:enabled="true"
236-->[androidx.credentials:credentials-play-services-auth:1.2.0-rc01] AndroidManifest.xml:26:13-35
237            android:exported="false" >
237-->[androidx.credentials:credentials-play-services-auth:1.2.0-rc01] AndroidManifest.xml:27:13-37
238            <meta-data
238-->[androidx.credentials:credentials-play-services-auth:1.2.0-rc01] AndroidManifest.xml:29:13-31:104
239                android:name="androidx.credentials.CREDENTIAL_PROVIDER_KEY"
239-->[androidx.credentials:credentials-play-services-auth:1.2.0-rc01] AndroidManifest.xml:30:17-76
240                android:value="androidx.credentials.playservices.CredentialProviderPlayServicesImpl" />
240-->[androidx.credentials:credentials-play-services-auth:1.2.0-rc01] AndroidManifest.xml:31:17-101
241        </service>
242
243        <activity
243-->[androidx.credentials:credentials-play-services-auth:1.2.0-rc01] AndroidManifest.xml:34:9-41:20
244            android:name="androidx.credentials.playservices.HiddenActivity"
244-->[androidx.credentials:credentials-play-services-auth:1.2.0-rc01] AndroidManifest.xml:35:13-76
245            android:configChanges="orientation|screenSize|screenLayout|keyboardHidden"
245-->[androidx.credentials:credentials-play-services-auth:1.2.0-rc01] AndroidManifest.xml:36:13-87
246            android:enabled="true"
246-->[androidx.credentials:credentials-play-services-auth:1.2.0-rc01] AndroidManifest.xml:37:13-35
247            android:exported="false"
247-->[androidx.credentials:credentials-play-services-auth:1.2.0-rc01] AndroidManifest.xml:38:13-37
248            android:fitsSystemWindows="true"
248-->[androidx.credentials:credentials-play-services-auth:1.2.0-rc01] AndroidManifest.xml:39:13-45
249            android:theme="@style/Theme.Hidden" >
249-->[androidx.credentials:credentials-play-services-auth:1.2.0-rc01] AndroidManifest.xml:40:13-48
250        </activity>
251
252        <provider
252-->[com.google.firebase:firebase-common:21.0.0] AndroidManifest.xml:23:9-28:39
253            android:name="com.google.firebase.provider.FirebaseInitProvider"
253-->[com.google.firebase:firebase-common:21.0.0] AndroidManifest.xml:24:13-77
254            android:authorities="com.example.plant_app.firebaseinitprovider"
254-->[com.google.firebase:firebase-common:21.0.0] AndroidManifest.xml:25:13-72
255            android:directBootAware="true"
255-->[com.google.firebase:firebase-common:21.0.0] AndroidManifest.xml:26:13-43
256            android:exported="false"
256-->[com.google.firebase:firebase-common:21.0.0] AndroidManifest.xml:27:13-37
257            android:initOrder="100" />
257-->[com.google.firebase:firebase-common:21.0.0] AndroidManifest.xml:28:13-36
258
259        <activity
259-->[com.google.android.gms:play-services-auth:20.7.0] AndroidManifest.xml:23:9-27:75
260            android:name="com.google.android.gms.auth.api.signin.internal.SignInHubActivity"
260-->[com.google.android.gms:play-services-auth:20.7.0] AndroidManifest.xml:24:13-93
261            android:excludeFromRecents="true"
261-->[com.google.android.gms:play-services-auth:20.7.0] AndroidManifest.xml:25:13-46
262            android:exported="false"
262-->[com.google.android.gms:play-services-auth:20.7.0] AndroidManifest.xml:26:13-37
263            android:theme="@android:style/Theme.Translucent.NoTitleBar" />
263-->[com.google.android.gms:play-services-auth:20.7.0] AndroidManifest.xml:27:13-72
264        <!--
265            Service handling Google Sign-In user revocation. For apps that do not integrate with
266            Google Sign-In, this service will never be started.
267        -->
268        <service
268-->[com.google.android.gms:play-services-auth:20.7.0] AndroidManifest.xml:33:9-37:51
269            android:name="com.google.android.gms.auth.api.signin.RevocationBoundService"
269-->[com.google.android.gms:play-services-auth:20.7.0] AndroidManifest.xml:34:13-89
270            android:exported="true"
270-->[com.google.android.gms:play-services-auth:20.7.0] AndroidManifest.xml:35:13-36
271            android:permission="com.google.android.gms.auth.api.signin.permission.REVOCATION_NOTIFICATION"
271-->[com.google.android.gms:play-services-auth:20.7.0] AndroidManifest.xml:36:13-107
272            android:visibleToInstantApps="true" />
272-->[com.google.android.gms:play-services-auth:20.7.0] AndroidManifest.xml:37:13-48
273
274        <uses-library
274-->[androidx.window:window:1.2.0] AndroidManifest.xml:23:9-25:40
275            android:name="androidx.window.extensions"
275-->[androidx.window:window:1.2.0] AndroidManifest.xml:24:13-54
276            android:required="false" />
276-->[androidx.window:window:1.2.0] AndroidManifest.xml:25:13-37
277        <uses-library
277-->[androidx.window:window:1.2.0] AndroidManifest.xml:26:9-28:40
278            android:name="androidx.window.sidecar"
278-->[androidx.window:window:1.2.0] AndroidManifest.xml:27:13-51
279            android:required="false" />
279-->[androidx.window:window:1.2.0] AndroidManifest.xml:28:13-37
280
281        <activity
281-->[com.google.android.gms:play-services-base:18.1.0] AndroidManifest.xml:20:9-22:45
282            android:name="com.google.android.gms.common.api.GoogleApiActivity"
282-->[com.google.android.gms:play-services-base:18.1.0] AndroidManifest.xml:20:19-85
283            android:exported="false"
283-->[com.google.android.gms:play-services-base:18.1.0] AndroidManifest.xml:22:19-43
284            android:theme="@android:style/Theme.Translucent.NoTitleBar" />
284-->[com.google.android.gms:play-services-base:18.1.0] AndroidManifest.xml:21:19-78
285
286        <meta-data
286-->[com.google.android.gms:play-services-basement:18.4.0] AndroidManifest.xml:6:9-122
287            android:name="com.google.android.gms.version"
287-->[com.google.android.gms:play-services-basement:18.4.0] AndroidManifest.xml:6:20-65
288            android:value="@integer/google_play_services_version" />
288-->[com.google.android.gms:play-services-basement:18.4.0] AndroidManifest.xml:6:66-119
289
290        <provider
290-->[androidx.lifecycle:lifecycle-process:2.7.0] AndroidManifest.xml:24:9-32:20
291            android:name="androidx.startup.InitializationProvider"
291-->[androidx.lifecycle:lifecycle-process:2.7.0] AndroidManifest.xml:25:13-67
292            android:authorities="com.example.plant_app.androidx-startup"